{"/Users/JC/Workshop/React/react-app/src/components/Note/Note.jsx": {"path":"/Users/JC/Workshop/React/react-app/src/components/Note/Note.jsx","statementMap":{"0":{"start":{"line":7,"column":15},"end":{"line":25,"column":2}},"1":{"start":{"line":7,"column":25},"end":{"line":25,"column":1}},"2":{"start":{"line":28,"column":22},"end":{"line":28,"column":27}},"3":{"start":{"line":29,"column":15},"end":{"line":29,"column":58}},"4":{"start":{"line":31,"column":2},"end":{"line":49,"column":4}}},"fnMap":{"0":{"name":"(anonymous_0)","decl":{"start":{"line":7,"column":15},"end":{"line":7,"column":16}},"loc":{"start":{"line":7,"column":25},"end":{"line":25,"column":1}},"line":7},"1":{"name":"Note","decl":{"start":{"line":27,"column":9},"end":{"line":27,"column":13}},"loc":{"start":{"line":27,"column":21},"end":{"line":50,"column":1}},"line":27}},"branchMap":{},"s":{"0":3,"1":1,"2":1,"3":1,"4":1},"f":{"0":1,"1":1},"b":{},"_coverageSchema":"332fd63041d2c1bcb487cc26dd0d5f7d97098a6c","hash":"3dd1e7f0aaeb8ddb17e54e24e9603ff53a893716"}
,"/Users/JC/Workshop/React/react-app/src/containers/App.jsx": {"path":"/Users/JC/Workshop/React/react-app/src/containers/App.jsx","statementMap":{"0":{"start":{"line":9,"column":4},"end":{"line":15,"column":6}}},"fnMap":{"0":{"name":"(anonymous_0)","decl":{"start":{"line":8,"column":2},"end":{"line":8,"column":3}},"loc":{"start":{"line":8,"column":11},"end":{"line":16,"column":3}},"line":8}},"branchMap":{},"s":{"0":1},"f":{"0":1},"b":{},"_coverageSchema":"332fd63041d2c1bcb487cc26dd0d5f7d97098a6c","hash":"1144558e5d8fe5373e1871fc12f04f17357512ca"}
,"/Users/JC/Workshop/React/react-app/src/containers/BodyContainer/BodyContainer.jsx": {"path":"/Users/JC/Workshop/React/react-app/src/containers/BodyContainer/BodyContainer.jsx","statementMap":{"0":{"start":{"line":6,"column":4},"end":{"line":10,"column":6}}},"fnMap":{"0":{"name":"(anonymous_0)","decl":{"start":{"line":5,"column":2},"end":{"line":5,"column":3}},"loc":{"start":{"line":5,"column":11},"end":{"line":11,"column":3}},"line":5}},"branchMap":{},"s":{"0":2},"f":{"0":2},"b":{},"_coverageSchema":"332fd63041d2c1bcb487cc26dd0d5f7d97098a6c","hash":"c893271ccee0d5807ff2783f9e2ca58ea0a9811d"}
,"/Users/JC/Workshop/React/react-app/src/containers/FooterContainer/FooterContainer.jsx": {"path":"/Users/JC/Workshop/React/react-app/src/containers/FooterContainer/FooterContainer.jsx","statementMap":{"0":{"start":{"line":9,"column":4},"end":{"line":18,"column":6}}},"fnMap":{"0":{"name":"(anonymous_0)","decl":{"start":{"line":8,"column":2},"end":{"line":8,"column":3}},"loc":{"start":{"line":8,"column":11},"end":{"line":19,"column":3}},"line":8}},"branchMap":{},"s":{"0":2},"f":{"0":2},"b":{},"_coverageSchema":"332fd63041d2c1bcb487cc26dd0d5f7d97098a6c","hash":"484849f56e0c171c571efebd170932f1a43e5346"}
,"/Users/JC/Workshop/React/react-app/src/containers/HeaderContainer/HeaderContainer.jsx": {"path":"/Users/JC/Workshop/React/react-app/src/containers/HeaderContainer/HeaderContainer.jsx","statementMap":{"0":{"start":{"line":5,"column":2},"end":{"line":7,"column":4}}},"fnMap":{"0":{"name":"HeaderContainer","decl":{"start":{"line":4,"column":24},"end":{"line":4,"column":39}},"loc":{"start":{"line":4,"column":42},"end":{"line":8,"column":1}},"line":4}},"branchMap":{},"s":{"0":2},"f":{"0":2},"b":{},"_coverageSchema":"332fd63041d2c1bcb487cc26dd0d5f7d97098a6c","hash":"38c1c66c143caffccd5c36e5f666ee942a371124"}
,"/Users/JC/Workshop/React/react-app/src/containers/HeaderContainer/NavMain/NavMain.jsx": {"path":"/Users/JC/Workshop/React/react-app/src/containers/HeaderContainer/NavMain/NavMain.jsx","statementMap":{"0":{"start":{"line":10,"column":15},"end":{"line":21,"column":1}},"1":{"start":{"line":24,"column":22},"end":{"line":24,"column":27}},"2":{"start":{"line":25,"column":2},"end":{"line":39,"column":4}}},"fnMap":{"0":{"name":"NavMain","decl":{"start":{"line":23,"column":9},"end":{"line":23,"column":16}},"loc":{"start":{"line":23,"column":24},"end":{"line":40,"column":1}},"line":23}},"branchMap":{},"s":{"0":3,"1":3,"2":3},"f":{"0":3},"b":{},"_coverageSchema":"332fd63041d2c1bcb487cc26dd0d5f7d97098a6c","hash":"671e3d520edb31a72989d173bebf27edd11d3558"}
}
