TN:
SF:/Users/JC/Workshop/React/react-app/src/components/Note/Note.jsx
FN:7,(anonymous_0)
FN:27,Note
FNF:2
FNH:2
FNDA:1,(anonymous_0)
FNDA:1,Note
DA:7,3
DA:28,1
DA:29,1
DA:31,1
LF:4
LH:4
BRF:0
BRH:0
end_of_record
TN:
SF:/Users/JC/Workshop/React/react-app/src/containers/App.jsx
FN:8,(anonymous_0)
FNF:1
FNH:1
FNDA:1,(anonymous_0)
DA:9,1
LF:1
LH:1
BRF:0
BRH:0
end_of_record
TN:
SF:/Users/JC/Workshop/React/react-app/src/containers/BodyContainer/BodyContainer.jsx
FN:5,(anonymous_0)
FNF:1
FNH:1
FNDA:2,(anonymous_0)
DA:6,2
LF:1
LH:1
BRF:0
BRH:0
end_of_record
TN:
SF:/Users/JC/Workshop/React/react-app/src/containers/FooterContainer/FooterContainer.jsx
FN:8,(anonymous_0)
FNF:1
FNH:1
FNDA:2,(anonymous_0)
DA:9,2
LF:1
LH:1
BRF:0
BRH:0
end_of_record
TN:
SF:/Users/JC/Workshop/React/react-app/src/containers/HeaderContainer/HeaderContainer.jsx
FN:4,HeaderContainer
FNF:1
FNH:1
FNDA:2,HeaderContainer
DA:5,2
LF:1
LH:1
BRF:0
BRH:0
end_of_record
TN:
SF:/Users/JC/Workshop/React/react-app/src/containers/HeaderContainer/NavMain/NavMain.jsx
FN:23,NavMain
FNF:1
FNH:1
FNDA:3,NavMain
DA:10,3
DA:24,3
DA:25,3
LF:3
LH:3
BRF:0
BRH:0
end_of_record
